<?xml version="1.0" encoding="UTF-8"?>
<!-- Generated by org.testng.reporters.JUnitReportReporter -->
<testsuite hostname="DESKTOP-S4VQME9" failures="0" tests="2" name="com.DataDriven" time="6.359" errors="0" timestamp="2023-12-07T19:18:49 IST" skipped="0">
  <testcase classname="com.DataDriven" name="logintest" time="3.174"/>
  <testcase classname="com.DataDriven" name="logintest" time="3.185"/>
</testsuite> <!-- com.DataDriven -->
