<?xml version="1.0" encoding="UTF-8"?>
<!-- Generated by org.testng.reporters.JUnitReportReporter -->
<testsuite hostname="DESKTOP-S4VQME9" failures="0" tests="2" name="eshop.Payment" time="0.003" errors="0" timestamp="2023-11-25T18:28:08 IST" skipped="0">
  <testcase classname="eshop.Payment" name="COD" time="0.002"/>
  <testcase classname="eshop.Payment" name="creaditCard" time="0.001"/>
</testsuite> <!-- eshop.Payment -->
