<?xml version="1.0" encoding="UTF-8"?>
<!-- Generated by org.testng.reporters.JUnitReportReporter -->
<testsuite hostname="DESKTOP-S4VQME9" failures="0" tests="3" name="crossbrowser.BrowserTeset" time="10.120" errors="0" timestamp="2023-11-28T19:24:50 IST" skipped="0">
  <testcase classname="crossbrowser.BrowserTeset" name="test" time="2.446"/>
  <testcase classname="crossbrowser.BrowserTeset" name="test" time="3.271"/>
  <testcase classname="crossbrowser.BrowserTeset" name="test" time="4.403"/>
</testsuite> <!-- crossbrowser.BrowserTeset -->
