<?xml version="1.0" encoding="UTF-8"?>
<!-- Generated by org.testng.reporters.JUnitReportReporter -->
<testsuite hostname="DESKTOP-S4VQME9" failures="0" tests="2" name="eshop.User" time="0.013" errors="0" timestamp="2023-11-25T18:28:08 IST" skipped="0">
  <testcase classname="eshop.User" name="login" time="0.011"/>
  <testcase classname="eshop.User" name="createAccount" time="0.002"/>
</testsuite> <!-- eshop.User -->
