<?xml version="1.0" encoding="UTF-8"?>
<!-- Generated by org.testng.reporters.JUnitReportReporter -->
<testsuite hostname="DESKTOP-S4VQME9" failures="0" tests="6" name="testng.P01_Test" time="0.013" errors="0" timestamp="2023-11-09T18:41:40 IST" skipped="0">
  <testcase classname="testng.P01_Test" name="test" time="0.008"/>
  <testcase classname="testng.P01_Test" name="createAccount" time="0.001"/>
  <testcase classname="testng.P01_Test" name="login" time="0.001"/>
  <testcase classname="testng.P01_Test" name="profile" time="0.001"/>
  <testcase classname="testng.P01_Test" name="logout" time="0.001"/>
  <testcase classname="testng.P01_Test" name="divide" time="0.001"/>
</testsuite> <!-- testng.P01_Test -->
