<?xml version="1.0" encoding="UTF-8"?>
<!-- Generated by org.testng.reporters.JUnitReportReporter -->
<testsuite hostname="DESKTOP-S4VQME9" failures="0" tests="1" name="parameters.Para_demo" time="6.185" errors="0" timestamp="2023-11-25T18:36:48 IST" skipped="0">
  <testcase classname="parameters.Para_demo" name="login" time="6.185"/>
</testsuite> <!-- parameters.Para_demo -->
