<?xml version="1.0" encoding="UTF-8"?>
<!-- Generated by org.testng.reporters.JUnitReportReporter -->
<testsuite hostname="DESKTOP-S4VQME9" failures="0" tests="3" name="eshop.User" time="0.010" errors="0" timestamp="2023-11-09T18:52:51 IST" skipped="0">
  <testcase classname="eshop.User" name="createAccount" time="0.008"/>
  <testcase classname="eshop.User" name="login" time="0.001"/>
  <testcase classname="eshop.User" name="logout" time="0.001"/>
</testsuite> <!-- eshop.User -->
