<?xml version="1.0" encoding="UTF-8"?>
<!-- Generated by org.testng.reporters.JUnitReportReporter -->
<testsuite hostname="DESKTOP-S4VQME9" failures="0" tests="2" name="testng.P02_Annotations" time="0.007" errors="0" timestamp="2023-11-09T18:43:06 IST" skipped="0">
  <testcase classname="testng.P02_Annotations" name="test2" time="0.001"/>
  <testcase classname="testng.P02_Annotations" name="test1" time="0.006"/>
</testsuite> <!-- testng.P02_Annotations -->
