<?xml version="1.0" encoding="UTF-8"?>
<!-- Generated by org.testng.reporters.JUnitReportReporter -->
<testsuite hostname="DESKTOP-S4VQME9" failures="0" tests="4" name="eshop.Product" time="0.004" errors="0" timestamp="2023-11-09T18:52:51 IST" skipped="0">
  <testcase classname="eshop.Product" name="addToCart" time="0.001"/>
  <testcase classname="eshop.Product" name="addToWishList" time="0.001"/>
  <testcase classname="eshop.Product" name="removeFromCArt" time="0.001"/>
  <testcase classname="eshop.Product" name="searchProduct" time="0.001"/>
</testsuite> <!-- eshop.Product -->
